app/manifest-merger-x86-release-report.txt
-- Merging decision tree log ---
manifest
ADDED from AndroidManifest.xml:2:1
	xmlns:android
		ADDED from AndroidManifest.xml:3:2
	package
		ADDED from AndroidManifest.xml:3:61
		INJECTED from AndroidManifest.xml:0:0
		INJECTED from AndroidManifest.xml:0:0
	android:versionName
		INJECTED from AndroidManifest.xml:0:0
		INJECTED from AndroidManifest.xml:0:0
	android:versionCode
		INJECTED from AndroidManifest.xml:0:0
		INJECTED from AndroidManifest.xml:0:0
uses-permission#android.permission.INTERNET
ADDED from AndroidManifest.xml:5:2
	android:name
		ADDED from AndroidManifest.xml:5:19
uses-permission#android.permission.WRITE_EXTERNAL_STORAGE
ADDED from AndroidManifest.xml:6:2
	android:name
		ADDED from AndroidManifest.xml:6:19
uses-permission#android.permission.RECEIVE_BOOT_COMPLETED
ADDED from AndroidManifest.xml:7:2
	android:name
		ADDED from AndroidManifest.xml:7:19
uses-feature#android.hardware.telephony
ADDED from AndroidManifest.xml:8:2
	android:required
		ADDED from AndroidManifest.xml:8:58
	android:name
		ADDED from AndroidManifest.xml:8:16
uses-feature#android.hardware.camera
ADDED from AndroidManifest.xml:9:2
	android:required
		ADDED from AndroidManifest.xml:9:55
	android:name
		ADDED from AndroidManifest.xml:9:16
uses-feature#android.hardware.camera.front
ADDED from AndroidManifest.xml:10:2
	android:required
		ADDED from AndroidManifest.xml:10:61
	android:name
		ADDED from AndroidManifest.xml:10:16
supports-screens
ADDED from AndroidManifest.xml:11:2
	android:largeScreens
		ADDED from AndroidManifest.xml:13:3
	android:anyDensity
		ADDED from AndroidManifest.xml:13:60
	android:normalScreens
		ADDED from AndroidManifest.xml:12:31
	android:xlargeScreens
		ADDED from AndroidManifest.xml:13:31
	android:smallScreens
		ADDED from AndroidManifest.xml:12:3
application
ADDED from AndroidManifest.xml:15:2
MERGED from com.android.support:support-v4:21.0.3:16:5
	android:label
		ADDED from AndroidManifest.xml:17:3
	android:allowBackup
		ADDED from AndroidManifest.xml:17:33
	android:icon
		ADDED from AndroidManifest.xml:16:51
	android:theme
		ADDED from AndroidManifest.xml:16:3
	android:name
		ADDED from AndroidManifest.xml:17:61
receiver#com.esminis.server.php.service.AutoStart
ADDED from AndroidManifest.xml:19:3
	android:name
		ADDED from AndroidManifest.xml:19:13
intent-filter#android.intent.action.BOOT_COMPLETED
ADDED from AndroidManifest.xml:20:4
action#android.intent.action.BOOT_COMPLETED
ADDED from AndroidManifest.xml:20:19
	android:name
		ADDED from AndroidManifest.xml:20:27
activity#com.esminis.server.php.MainActivity
ADDED from AndroidManifest.xml:22:3
	android:windowSoftInputMode
		ADDED from AndroidManifest.xml:22:41
	android:name
		ADDED from AndroidManifest.xml:22:13
intent-filter#android.intent.action.MAIN+android.intent.category.LAUNCHER
ADDED from AndroidManifest.xml:23:4
action#android.intent.action.MAIN
ADDED from AndroidManifest.xml:24:5
	android:name
		ADDED from AndroidManifest.xml:24:13
category#android.intent.category.LAUNCHER
ADDED from AndroidManifest.xml:25:5
	android:name
		ADDED from AndroidManifest.xml:25:15
uses-sdk
INJECTED from AndroidManifest.xml:0:0 reason: use-sdk injection requested
MERGED from com.android.support:support-v4:21.0.3:15:5
	android:targetSdkVersion
		INJECTED from AndroidManifest.xml:0:0
		INJECTED from AndroidManifest.xml:0:0
	android:minSdkVersion
		INJECTED from AndroidManifest.xml:0:0
		INJECTED from AndroidManifest.xml:0:0